2024-05-26T00:07:22.646606+0500 - INFO - Search query: laptop
2024-05-26T00:07:22.987034+0500 - INFO - Launching browser...
2024-05-26T00:07:23.788238+0500 - INFO - Launching new page...
2024-05-26T00:07:26.874624+0500 - INFO - Navigating to eBay...
2024-05-26T00:07:26.875130+0500 - INFO - Scraping laptop...
2024-05-26T00:07:48.983205+0500 - INFO - Searching for laptop...
2024-05-26T00:07:48.983545+0500 - INFO - Scraping page...
2024-05-26T00:07:49.022517+0500 - INFO - Scraping listing: <Locator frame=<Frame name= url='https://www.ebay.com/sch/i.html?_from=R40&_trksid=p4432023.m570.l1313&_nkw=laptop&_sacat=0'> selector='li.s-item >> nth=0'>
2024-05-26T00:07:49.022807+0500 - INFO - Extracting laptop name...
2024-05-26T00:07:49.038758+0500 - INFO - Extracted laptop name: Shop on eBay
2024-05-26T00:07:49.039328+0500 - INFO - Extracting price...
2024-05-26T00:07:49.076229+0500 - INFO - Extracted price: $20.00
2024-05-26T00:07:49.077269+0500 - ERROR - Error extracting price: 'float' object has no attribute 'strip'
2024-05-26T00:07:49.366407+0500 - ERROR - Error: 'Locator' object has no attribute 'content'
2024-05-26T00:08:34.115041+0500 - INFO - Search query: laptop
2024-05-26T00:08:34.366073+0500 - INFO - Launching browser...
2024-05-26T00:08:34.696972+0500 - INFO - Launching new page...
2024-05-26T00:08:34.903957+0500 - INFO - Navigating to eBay...
2024-05-26T00:08:34.904376+0500 - INFO - Scraping laptop...
2024-05-26T00:08:58.512536+0500 - INFO - Searching for laptop...
2024-05-26T00:08:58.513262+0500 - INFO - Scraping page...
2024-05-26T00:08:58.544489+0500 - INFO - Scraping listing: <Locator frame=<Frame name= url='https://www.ebay.com/sch/i.html?_from=R40&_trksid=p4432023.m570.l1313&_nkw=laptop&_sacat=0'> selector='li.s-item >> nth=0'>
2024-05-26T00:08:58.544793+0500 - INFO - Extracting laptop name...
2024-05-26T00:08:58.557119+0500 - INFO - Extracted laptop name: Shop on eBay
2024-05-26T00:08:58.557407+0500 - INFO - Extracting price...
2024-05-26T00:08:58.567525+0500 - INFO - Extracted price: $20.00
2024-05-26T00:08:58.568052+0500 - INFO - Extracting shipping cost...
2024-05-26T00:09:28.570865+0500 - ERROR - Error extracting shipping cost: Locator.text_content: Timeout 30000ms exceeded.
Call log:
waiting for locator("li.s-item").first.locator(".s-item__shipping")

2024-05-26T00:09:28.870380+0500 - ERROR - Error: 'Locator' object has no attribute 'content'
2024-05-26T00:10:51.817157+0500 - INFO - Search query: laptop
2024-05-26T00:10:52.065163+0500 - INFO - Launching browser...
2024-05-26T00:10:52.575201+0500 - INFO - Launching new page...
2024-05-26T00:10:54.828875+0500 - INFO - Navigating to eBay...
2024-05-26T00:10:54.829273+0500 - INFO - Scraping laptop...
2024-05-26T00:11:30.898984+0500 - ERROR - Error: Timeout 30000ms exceeded.
=========================== logs ===========================
"domcontentloaded" event fired
"load" event fired
============================================================
2024-05-26T00:11:38.759463+0500 - INFO - Search query: laptop
2024-05-26T00:11:39.011926+0500 - INFO - Launching browser...
2024-05-26T00:11:39.471376+0500 - INFO - Launching new page...
2024-05-26T00:11:41.616989+0500 - INFO - Navigating to eBay...
2024-05-26T00:11:41.617479+0500 - INFO - Scraping laptop...
2024-05-26T00:12:04.177620+0500 - INFO - Searching for laptop...
2024-05-26T00:12:04.178095+0500 - INFO - Scraping page...
2024-05-26T00:12:04.207662+0500 - INFO - Scraping listing: <Locator frame=<Frame name= url='https://www.ebay.com/sch/i.html?_from=R40&_trksid=p4432023.m570.l1313&_nkw=laptop&_sacat=0'> selector='li.s-item >> nth=0'>
2024-05-26T00:12:04.208025+0500 - INFO - Extracting laptop name...
2024-05-26T00:12:04.247600+0500 - INFO - Extracted laptop name: Shop on eBay
2024-05-26T00:12:04.248011+0500 - INFO - Extracting price...
2024-05-26T00:12:04.266663+0500 - INFO - Extracted price: $20.00
2024-05-26T00:12:04.267201+0500 - INFO - Extracting shipping cost...
2024-05-26T00:12:34.270119+0500 - ERROR - Error extracting shipping cost: Locator.text_content: Timeout 30000ms exceeded.
Call log:
waiting for locator("li.s-item").first.locator(".s-item__shipping")

2024-05-26T00:12:34.271504+0500 - ERROR - Traceback (most recent call last):
  File "/home/octrow/Dev/LaptopLoot/main.py", line 49, in extract_element
    text = await element.text_content()
           ^^^^^^^^^^^^^^^^^^^^^^^^^^^^
  File "/home/octrow/Dev/LaptopLoot/venv/lib/python3.11/site-packages/playwright/async_api/_generated.py", line 16927, in text_content
    await self._impl_obj.text_content(timeout=timeout)
  File "/home/octrow/Dev/LaptopLoot/venv/lib/python3.11/site-packages/playwright/_impl/_locator.py", line 607, in text_content
    return await self._frame.text_content(
           ^^^^^^^^^^^^^^^^^^^^^^^^^^^^^^^
  File "/home/octrow/Dev/LaptopLoot/venv/lib/python3.11/site-packages/playwright/_impl/_frame.py", line 613, in text_content
    return await self._channel.send("textContent", locals_to_params(locals()))
           ^^^^^^^^^^^^^^^^^^^^^^^^^^^^^^^^^^^^^^^^^^^^^^^^^^^^^^^^^^^^^^^^^^^
  File "/home/octrow/Dev/LaptopLoot/venv/lib/python3.11/site-packages/playwright/_impl/_connection.py", line 59, in send
    return await self._connection.wrap_api_call(
           ^^^^^^^^^^^^^^^^^^^^^^^^^^^^^^^^^^^^^
  File "/home/octrow/Dev/LaptopLoot/venv/lib/python3.11/site-packages/playwright/_impl/_connection.py", line 514, in wrap_api_call
    raise rewrite_error(error, f"{parsed_st['apiName']}: {error}") from None
playwright._impl._errors.TimeoutError: Locator.text_content: Timeout 30000ms exceeded.
Call log:
waiting for locator("li.s-item").first.locator(".s-item__shipping")


2024-05-26T00:12:34.515876+0500 - ERROR - Error: 'Locator' object has no attribute 'content'
2024-05-26T00:15:52.703223+0500 - INFO - Search query: laptop
2024-05-26T00:15:52.937639+0500 - INFO - Launching browser...
2024-05-26T00:15:53.321266+0500 - INFO - Launching new page...
2024-05-26T00:15:55.455361+0500 - INFO - Navigating to eBay...
2024-05-26T00:15:55.456184+0500 - INFO - Scraping laptop...
2024-05-26T00:16:03.167698+0500 - INFO - Searching for laptop...
2024-05-26T00:16:03.168522+0500 - INFO - Scraping page...
2024-05-26T00:16:03.707153+0500 - INFO - Scraping listing: <Locator frame=<Frame name= url='https://www.ebay.com/sch/i.html?_from=R40&_trksid=p4432023.m570.l1313&_nkw=laptop&_sacat=0'> selector='li.s-item >> nth=0'>
2024-05-26T00:16:03.707818+0500 - INFO - Extracting laptop name...
2024-05-26T00:16:03.804083+0500 - INFO - Extracted laptop name: Shop on eBay
2024-05-26T00:16:03.804698+0500 - INFO - Extracting price...
2024-05-26T00:16:03.855918+0500 - INFO - Extracted price: $20.00
2024-05-26T00:16:03.856823+0500 - INFO - Extracting shipping cost...
2024-05-26T00:16:03.878214+0500 - INFO - Extracting condition...
2024-05-26T00:16:03.949661+0500 - INFO - Extracted condition: Brand New
2024-05-26T00:16:03.950204+0500 - INFO - Extracting url...
2024-05-26T00:16:04.374296+0500 - INFO - Extracted url: Shop on eBayOpens in a new window or tab
2024-05-26T00:16:04.476989+0500 - INFO - Extracted url: https://ebay.com/itm/123456?itmmeta=012DEW30YG0MEEKND7NH&hash=item123546:g:acwAA9KNiJowH:sc:ShippingMethodStandard!95008!US!-1&itmprp=enc%3AbgepL1tlUHjMGCVfSTGJh%2BzsVKeJ3CQk7NizDI4BZeppuFnmyS6Ijyp8lh%2FnEw%2BWqO7uTV1Q6izE1R0T54aV8j71F4xlWfVcGft4%2FiOQhtqVXA1rW6M1atPARQRmhqUxtEPJKhKtSFgI%2Bvwlzb0GwVCtkp%3ABlBMUObkmabpYw
2024-05-26T00:16:04.477445+0500 - INFO - Extracting time left...
2024-05-26T00:16:04.511830+0500 - INFO - Scraping listing: <Locator frame=<Frame name= url='https://www.ebay.com/sch/i.html?_from=R40&_trksid=p4432023.m570.l1313&_nkw=laptop&_sacat=0'> selector='li.s-item >> nth=1'>
2024-05-26T00:16:04.512489+0500 - INFO - Extracting laptop name...
2024-05-26T00:16:04.566613+0500 - INFO - Extracted laptop name: CHUWI HeroBook Pro Win11 Laptop 14,1'' 8G+256G SSD Intel N4020 Computer PC
2024-05-26T00:16:04.566997+0500 - INFO - Extracting price...
2024-05-26T00:16:05.368843+0500 - INFO - Extracted price: US $184,37
2024-05-26T00:16:05.369260+0500 - INFO - Extracting shipping cost...
2024-05-26T00:16:05.455985+0500 - INFO - Extracted shipping cost: Бесплатная международная доставка
2024-05-26T00:16:05.456468+0500 - INFO - Extracted shipping cost: 0.0
2024-05-26T00:16:05.456779+0500 - INFO - Extracting condition...
2024-05-26T00:16:05.479889+0500 - INFO - Extracted condition: Совершенно новый
2024-05-26T00:16:05.480493+0500 - INFO - Extracting url...
2024-05-26T00:16:05.504522+0500 - INFO - Extracted url: CHUWI HeroBook Pro Win11 Laptop 14,1'' 8G+256G SSD Intel N4020 Computer PCОткрывается в новом окне или вкладке
2024-05-26T00:16:05.521548+0500 - INFO - Extracted url: https://www.ebay.com/itm/166637944418?itmmeta=01HYRJWQJA9KG8DZ9K5BRKDW2A&hash=item26cc653e62:g:YuYAAOSwEahhlwsK&itmprp=enc%3AAQAJAAAA4LMGbdRZn2dmBnjmYt12yds0FBa3B5y8AzdcfDpUKRc9evuhqXVJjWGIJXbigasFCG%2BDxj5jpGDJpYhYGOp2b6tMNvsKsuVf1fxdJhHledPtM7E7rHt7h4NNewQsSDIC2flGMF58mkp6Uhf64R%2BoU57f3gQ6kovnxOAIYS5N4GkogGpovr59vdSdXc3VKF%2FenMxRlx8RczQXf54xtauzAQ9MfGGrP9plc2EmVgQ8lvshn4qfT%2B2ROegEx7ok4w1iULszoRJbXVJ06GTUUjnG37gAN3Vdpp2dP4Ul2Osl%2Bs8e%7Ctkp%3ABFBMvvnykvZj
2024-05-26T00:16:05.522358+0500 - INFO - Extracting time left...
2024-05-26T00:16:05.536869+0500 - INFO - Scraping listing: <Locator frame=<Frame name= url='https://www.ebay.com/sch/i.html?_from=R40&_trksid=p4432023.m570.l1313&_nkw=laptop&_sacat=0'> selector='li.s-item >> nth=2'>
2024-05-26T00:16:05.537282+0500 - INFO - Extracting laptop name...
2024-05-26T00:16:05.575795+0500 - INFO - Extracted laptop name: Ноутбук Dell Latitude 7400 14 дюймов полная высокая четкость Intel i58265U 16 ГБ твердотельный накопитель 256 ГБ Win 10 Pro
2024-05-26T00:16:05.576208+0500 - INFO - Extracting price...
2024-05-26T00:16:05.602016+0500 - INFO - Extracted price: US $199,99
2024-05-26T00:16:05.602590+0500 - INFO - Extracting shipping cost...
2024-05-26T00:16:05.636489+0500 - INFO - Extracted shipping cost: + US $130,80 за доставку
2024-05-26T00:16:05.637118+0500 - INFO - Extracted shipping cost: ['130', '80']
2024-05-26T00:16:05.637499+0500 - INFO - Extracting condition...
2024-05-26T00:16:05.689539+0500 - INFO - Extracted condition: Восстановленные
2024-05-26T00:16:05.690353+0500 - INFO - Extracting url...
2024-05-26T00:16:05.876303+0500 - INFO - Extracted url: Ноутбук Dell Latitude 7400 14 дюймов полная высокая четкость Intel i58265U 16 ГБ твердотельный накопитель 256 ГБ Win 10 ProОткрывается в новом окне или вкладке
2024-05-26T00:16:05.886728+0500 - INFO - Extracted url: https://www.ebay.com/itm/375271162549?itmmeta=01HYRJWQJB4MDPPK27KQ06P6CM&hash=item575fe782b5:g:5J4AAOSwkVFmTnJT&itmprp=enc%3AAQAJAAAA0NN7VcVSA%2BrLm0e8y4JfCmzBN1tNvmRh6CsqsGbA0lmJOe%2FQ3xZctuWSrv7a%2FNxNbyNrirQKVhxwe6eGYOHFbOZ62KnAKa1DrjHuwqOxTel3%2FIcy9WkEMdo5747AXVK5mbCAH0IdZVNUXi9PlWlhXM46ZxIQ%2FBtavp1vk98sxwMu5k2WGnSDqLGZVCRWOniGE1oy%2BPh0K4oEC%2F31mbhN%2Bf%2BEj4jw%2BFmWjmwUtXEP%2BoHceo9FBkxuAkIC%2FRIh%2B89ozcgk83ANuAV1AY9IAMC5E0g%3D%7Ctkp%3ABFBMvvnykvZj
2024-05-26T00:16:05.887073+0500 - INFO - Extracting time left...
2024-05-26T00:16:05.899225+0500 - INFO - Scraping listing: <Locator frame=<Frame name= url='https://www.ebay.com/sch/i.html?_from=R40&_trksid=p4432023.m570.l1313&_nkw=laptop&_sacat=0'> selector='li.s-item >> nth=3'>
2024-05-26T00:16:05.899495+0500 - INFO - Extracting laptop name...
2024-05-26T00:16:05.925955+0500 - INFO - Extracted laptop name: Ноутбук Dell Latitude 7400 14 FHD Touch Intel i7-8665U 32 ГБ 512 ГБ SSD Win 11 Pro
2024-05-26T00:16:05.926693+0500 - INFO - Extracting price...
2024-05-26T00:16:05.950285+0500 - INFO - Extracted price: US $337,99
2024-05-26T00:16:05.950688+0500 - INFO - Extracting shipping cost...
2024-05-26T00:16:05.973690+0500 - INFO - Extracted shipping cost: + US $146,59 за доставку
2024-05-26T00:16:05.974180+0500 - INFO - Extracted shipping cost: ['146', '59']
2024-05-26T00:16:05.974531+0500 - INFO - Extracting condition...
2024-05-26T00:16:06.002853+0500 - INFO - Extracted condition: Восстановленные
2024-05-26T00:16:06.003297+0500 - INFO - Extracting url...
2024-05-26T00:16:06.030028+0500 - INFO - Extracted url: Ноутбук Dell Latitude 7400 14 FHD Touch Intel i7-8665U 32 ГБ 512 ГБ SSD Win 11 ProОткрывается в новом окне или вкладке
2024-05-26T00:16:06.041221+0500 - INFO - Extracted url: https://www.ebay.com/itm/295705880690?epid=16064043349&itmmeta=01HYRJWQJBE9FZ3WZEBYQP5WAB&hash=item44d971a872:g:AcMAAOSwLd1mHDUf&itmprp=enc%3AAQAJAAAA0HLWAkBOgo1319OaxAP0dCzOtlwcPbzJhT%2FkC%2B50dnYx1stHJMaNQ9cDMYxToVy4kWGIAKpt4PSYR1Mqw%2BWg753t19KQ1Mjc6oDswRVelr8IMqQ0%2Bfi5NajFCvnytd%2BjCT0SAjp7AZI8vgbisi2B%2FBhPjgfawunS6bLUSUtnulKdgLjCR1%2FGMgyelJwQgiK3X9bOKk6vLgB%2FBXShLFlcESfF4AY1%2FbV05SAYJTjKmTgk8X9GPAr6NsdGDzFAEW5EK968LeX0DugvWaqyFJ0FFp8%3D%7Ctkp%3ABFBMvvnykvZj
2024-05-26T00:16:06.041631+0500 - INFO - Extracting time left...
2024-05-26T00:16:06.054118+0500 - INFO - Scraping listing: <Locator frame=<Frame name= url='https://www.ebay.com/sch/i.html?_from=R40&_trksid=p4432023.m570.l1313&_nkw=laptop&_sacat=0'> selector='li.s-item >> nth=4'>
2024-05-26T00:16:06.054501+0500 - INFO - Extracting laptop name...
2024-05-26T00:16:06.074840+0500 - INFO - Extracted laptop name: Microsoft поверхность Pro 6 12,3» Intel i5 8350U 1,70 ГГц 8GB RAM 256GB SSD выиграть 11 - 
2024-05-26T00:16:06.075146+0500 - INFO - Extracting price...
2024-05-26T00:16:06.096556+0500 - INFO - Extracted price: US $198,22
2024-05-26T00:16:06.096944+0500 - INFO - Extracting shipping cost...
2024-05-26T00:16:06.115113+0500 - INFO - Extracted shipping cost: + US $32,48 за доставку
2024-05-26T00:16:06.115393+0500 - INFO - Extracted shipping cost: ['32', '48']
2024-05-26T00:16:06.115554+0500 - INFO - Extracting condition...
2024-05-26T00:16:06.180959+0500 - INFO - Extracted condition: Был в употреблении
2024-05-26T00:16:06.181274+0500 - INFO - Extracting url...
2024-05-26T00:16:06.217892+0500 - INFO - Extracted url: Microsoft поверхность Pro 6 12,3» Intel i5 8350U 1,70 ГГц 8GB RAM 256GB SSD выиграть 11 - Открывается в новом окне или вкладке
2024-05-26T00:16:06.237191+0500 - INFO - Extracted url: https://www.ebay.com/itm/204353755763?epid=5064856850&itmmeta=01HYRJWQJBW0CNMDTMJ7BZ7AMJ&hash=item2f946eda73:g:EkAAAOSwc91mS6ZQ&itmprp=enc%3AAQAJAAAA0PJNmttfeTm%2B%2BF7WqJiJlacbYz4BhpkvQEeiV2FnV8D9vqC%2Fk9kj0LnaOcpO25%2Bt9pHq0nWMn8Coc8iL207s3dilejCSqiqmFaY9tV9ymdCd3X9r3bc1T9ha%2FLBT1YcvRXYIyFnsivYiX66vPbZ9%2FtXdG7jmUnpSNw61efs6kSlgfWnrWSHy7gC0qOT1w6%2BK6CMnXV4vVZWY1v%2BHtsKp1ClTzPvDMkzeCF97yQ6GqbL07BFB9Yy%2FluTlWrLRhQ1WmXVTGFewB0de28zoSKjOIZM%3D%7Ctkp%3ABFBMvvnykvZj
2024-05-26T00:16:06.237616+0500 - INFO - Extracting time left...
2024-05-26T00:16:06.264934+0500 - INFO - Scraping listing: <Locator frame=<Frame name= url='https://www.ebay.com/sch/i.html?_from=R40&_trksid=p4432023.m570.l1313&_nkw=laptop&_sacat=0'> selector='li.s-item >> nth=5'>
2024-05-26T00:16:06.265226+0500 - INFO - Extracting laptop name...
2024-05-26T00:16:06.313664+0500 - INFO - Extracted laptop name: Ноутбук HP X360 11 G4 EE 2-в-1 сенсорный экран 8 ГБ RAM 128 ГБ SSD Windows 11 Core i5
2024-05-26T00:16:06.314768+0500 - INFO - Extracting price...
2024-05-26T00:16:06.397185+0500 - INFO - Extracted price: US $181,99
2024-05-26T00:16:06.397578+0500 - INFO - Extracting shipping cost...
2024-05-26T00:16:06.415557+0500 - INFO - Extracted shipping cost: + US $76,86 за доставку
2024-05-26T00:16:06.416026+0500 - INFO - Extracted shipping cost: ['76', '86']
2024-05-26T00:16:06.416227+0500 - INFO - Extracting condition...
2024-05-26T00:16:06.435170+0500 - INFO - Extracted condition: Восстановленные
2024-05-26T00:16:06.435429+0500 - INFO - Extracting url...
2024-05-26T00:16:06.464999+0500 - INFO - Extracted url: Ноутбук HP X360 11 G4 EE 2-в-1 сенсорный экран 8 ГБ RAM 128 ГБ SSD Windows 11 Core i5Открывается в новом окне или вкладке
2024-05-26T00:16:06.476113+0500 - INFO - Extracted url: https://www.ebay.com/itm/264671738624?itmmeta=01HYRJWQJBFYDCW4TZFA0DT8XM&hash=item3d9faa3b00:g:BC0AAOSwVqtmPxfo&itmprp=enc%3AAQAJAAAA4Fc3Dn8rD3eZM%2BS331f0Mftkhdns7PKqccnpx2EgYPTSKfvZmnT6gDJrK0FK0foHd7RyJ%2Fi747eDCLb9DpmVhYnBdWS%2B3YtPiOM%2B76P0et%2BVcf71qvVPBfjISpICRqEYfuAIWu5cdU7B5DIMtZ%2F1HVqcy8%2BDQ2dJZUWuP%2BfzzYpu8uhiPqDQSofmdtrvVmYQQaqZNRY4%2BeaTDnEfSnTb7BaNfr%2BC5SjZqNd2pUI3mRRVCJzUL9NGL327otK%2FGZTk1RsekCv1Xl1oWEX0f6RUIVmiMc0SBAXCXX0C97nbAHrn%7Ctkp%3ABk9SR7758pL2Yw
2024-05-26T00:16:06.476414+0500 - INFO - Extracting time left...
2024-05-26T00:16:06.491219+0500 - INFO - Scraping listing: <Locator frame=<Frame name= url='https://www.ebay.com/sch/i.html?_from=R40&_trksid=p4432023.m570.l1313&_nkw=laptop&_sacat=0'> selector='li.s-item >> nth=6'>
2024-05-26T00:16:06.491534+0500 - INFO - Extracting laptop name...
2024-05-26T00:16:06.524292+0500 - INFO - Extracted laptop name: НОУТБУК HP FOLIO 1040 CORE i5 6TH FHD 8GB RAM 256GB SSD Windows 11 USB 3.0 HDMI
2024-05-26T00:16:06.524860+0500 - INFO - Extracting price...
2024-05-26T00:16:06.557371+0500 - INFO - Extracted price: US $101,90
2024-05-26T00:16:06.557959+0500 - INFO - Extracting shipping cost...
2024-05-26T00:16:06.596080+0500 - INFO - Extracted shipping cost: + US $57,32 за доставку
2024-05-26T00:16:06.596563+0500 - INFO - Extracted shipping cost: ['57', '32']
2024-05-26T00:16:06.596813+0500 - INFO - Extracting condition...
2024-05-26T00:16:06.635684+0500 - INFO - Extracted condition: Был в употреблении
2024-05-26T00:16:06.636031+0500 - INFO - Extracting url...
2024-05-26T00:16:06.657317+0500 - INFO - Extracted url: НОУТБУК HP FOLIO 1040 CORE i5 6TH FHD 8GB RAM 256GB SSD Windows 11 USB 3.0 HDMIОткрывается в новом окне или вкладке
2024-05-26T00:16:06.666822+0500 - INFO - Extracted url: https://www.ebay.com/itm/176150250196?itmmeta=01HYRJWQJBB6VEEEZ82A1NM1H6&hash=item29035f82d4:g:lmEAAOSwggtlz74W&itmprp=enc%3AAQAJAAAAwHL4%2FO%2B5GyHmhbrUZQOMUdNzUSZptUXZJJoA5bAuAssj73eBHI6eafQP3iNhOHt%2B4AWV7CGUBti2X40cPTBeSm9GevcadE0OBxDjYkES6sf7Plp7HnttC6vOZ%2B1qabqFWbQC%2FNyesvWzw94aGE3egroZxZkkOQsiSic7OpromQkoX8xVgtZ81NpqMPp8JiXjtZB%2BAJJu7yhi2km3RP07CEG9ET%2FYZNGAgyorsxFjaeE--O9JIuMXnCGhOZS1GJoTUQ%3D%3D%7Ctkp%3ABk9SR8D58pL2Yw
2024-05-26T00:16:06.667073+0500 - INFO - Extracting time left...
2024-05-26T00:16:06.675922+0500 - INFO - Scraping listing: <Locator frame=<Frame name= url='https://www.ebay.com/sch/i.html?_from=R40&_trksid=p4432023.m570.l1313&_nkw=laptop&_sacat=0'> selector='li.s-item >> nth=7'>
2024-05-26T00:16:06.676177+0500 - INFO - Extracting laptop name...
2024-05-26T00:16:06.696904+0500 - INFO - Extracted laptop name: Ноутбук Dell Latitude 3420 14 дюймов полная высокая четкость Core i5 11-го поколения 16 ГБ RAM 256 ГБ SSD Windows 11
2024-05-26T00:16:06.697166+0500 - INFO - Extracting price...
2024-05-26T00:16:06.717683+0500 - INFO - Extracted price: US $299,99
2024-05-26T00:16:06.717959+0500 - INFO - Extracting shipping cost...
2024-05-26T00:16:06.736986+0500 - INFO - Extracted shipping cost: + US $87,52 за доставку
2024-05-26T00:16:06.737357+0500 - INFO - Extracted shipping cost: ['87', '52']
2024-05-26T00:16:06.737554+0500 - INFO - Extracting condition...
2024-05-26T00:16:06.758470+0500 - INFO - Extracted condition: Восстановленные
2024-05-26T00:16:06.758765+0500 - INFO - Extracting url...
2024-05-26T00:16:06.779563+0500 - INFO - Extracted url: Ноутбук Dell Latitude 3420 14 дюймов полная высокая четкость Core i5 11-го поколения 16 ГБ RAM 256 ГБ SSD Windows 11Открывается в новом окне или вкладке
2024-05-26T00:16:06.793185+0500 - INFO - Extracted url: https://www.ebay.com/itm/264987527030?itmmeta=01HYRJWQJBN2VJAJSJFDGHYY4V&hash=item3db27cc776:g:EHMAAOSwoNhmTu4K&itmprp=enc%3AAQAJAAAA4OkfSZs1NDUhdKUo%2FA7lLUEr8PouHfHUo91QfPUaFbNBUauq8ep6iw7tlbRod9Sdhc51zAxMH7flAuhymeE4XPahyg6vu0VXysdqQuMHRdZ95Ct%2FI2w3xQpnedpHtCL%2B%2FBThen2zdMckBGLGM0HtEjOPPFkBLR5FxwC%2FZyoOe0dtqOptyTTEtHc6xq2I5pwON5HtOmhIMYiWq29GSg9hwG2116%2F6YAabtzpZNXwSYV2sKhZSF34Et1ffbdQhj4ZmSjNPyCR6S3vXzxUXkwVQ0osRCXjo2eqZT2tAhDaPk90j%7Ctkp%3ABk9SR8D58pL2Yw
2024-05-26T00:16:06.793543+0500 - INFO - Extracting time left...
2024-05-26T00:16:06.830377+0500 - INFO - Scraping listing: <Locator frame=<Frame name= url='https://www.ebay.com/sch/i.html?_from=R40&_trksid=p4432023.m570.l1313&_nkw=laptop&_sacat=0'> selector='li.s-item >> nth=8'>
2024-05-26T00:16:06.830831+0500 - INFO - Extracting laptop name...
2024-05-26T00:16:06.886372+0500 - INFO - Extracted laptop name: Дешевый ноутбук iCore Lenovo HP Dell Core i3 i5 8 ГБ RAM 128 ГБ SSD Windows 10 Win
2024-05-26T00:16:06.886701+0500 - INFO - Extracting price...
2024-05-26T00:16:06.909993+0500 - INFO - Extracted price: US $101,90
2024-05-26T00:16:06.910346+0500 - INFO - Extracting shipping cost...
2024-05-26T00:16:06.937032+0500 - INFO - Extracted shipping cost: + US $57,32 за доставку
2024-05-26T00:16:06.937372+0500 - INFO - Extracted shipping cost: ['57', '32']
2024-05-26T00:16:06.937721+0500 - INFO - Extracting condition...
2024-05-26T00:16:06.967179+0500 - INFO - Extracted condition: Восстановленные
2024-05-26T00:16:06.967491+0500 - INFO - Extracting url...
2024-05-26T00:16:06.991749+0500 - INFO - Extracted url: Дешевый ноутбук iCore Lenovo HP Dell Core i3 i5 8 ГБ RAM 128 ГБ SSD Windows 10 WinОткрывается в новом окне или вкладке
2024-05-26T00:16:07.006140+0500 - INFO - Extracted url: https://www.ebay.com/itm/175799205481?itmmeta=01HYRJWQJBPHVH5AQGRER5X8NM&hash=item28ee72fe69:g:DaYAAOSwVuJlz74J&itmprp=enc%3AAQAJAAAA4N96IJQSIvxFJdQDMrHQ0VFAhyQJoVDyW5w8D6q6uCkgotk50vvPmwLdWLpO24%2BwRb8qWbLU9rMIzBDYlv7ZK4sWXLr%2FSxeQrn0pSMfKAJNYg9d6jh7SynL%2FaNQ8vb1jqO9%2BCbEUrUWQJNmnNukO%2FZRdJ25EmMzLXxdOx%2FXtVLWrEUlEfMaCas0RndxCwl5bI3B3A5pjqTDX1AydtMfjP179MboiUJxTtO%2FSsrHW2vJTPkNttN%2FobSCONxczvbmG6ZY1ITWowxLaZbfPbq2qYNKfY%2B3ozbWprvxcT%2BGwbBW3%7Ctkp%3ABk9SR8D58pL2Yw
2024-05-26T00:16:07.007111+0500 - INFO - Extracting time left...
2024-05-26T00:16:07.018353+0500 - INFO - Scraping listing: <Locator frame=<Frame name= url='https://www.ebay.com/sch/i.html?_from=R40&_trksid=p4432023.m570.l1313&_nkw=laptop&_sacat=0'> selector='li.s-item >> nth=9'>
2024-05-26T00:16:07.018706+0500 - INFO - Extracting laptop name...
2024-05-26T00:16:07.065823+0500 - INFO - Extracted laptop name: Ноутбук игровой Dell 15,6 дюйма NVIDIA - четырехъядерный Intel i7 64 ГБ RAM 2 ТБ SSD Windows 11
2024-05-26T00:16:07.066185+0500 - INFO - Extracting price...
2024-05-26T00:16:07.131884+0500 - INFO - Extracted price: От US $446,00 до US $743,00
2024-05-26T00:16:07.132365+0500 - INFO - Extracting shipping cost...
2024-05-26T00:16:07.178774+0500 - INFO - Extracted shipping cost: + US $93,41 за доставку
2024-05-26T00:16:07.179294+0500 - INFO - Extracted shipping cost: ['93', '41']
2024-05-26T00:16:07.179762+0500 - INFO - Extracting condition...
2024-05-26T00:16:07.210140+0500 - INFO - Extracted condition: Восстановленные
2024-05-26T00:16:07.210435+0500 - INFO - Extracting url...
2024-05-26T00:16:07.230962+0500 - INFO - Extracted url: Ноутбук игровой Dell 15,6 дюйма NVIDIA - четырехъядерный Intel i7 64 ГБ RAM 2 ТБ SSD Windows 11Открывается в новом окне или вкладке
2024-05-26T00:16:07.242600+0500 - INFO - Extracted url: https://www.ebay.com/itm/335333304416?itmmeta=01HYRJWQJBCNEJJVQNT2H0WRP9&hash=item4e136c2860:g:9x4AAOSwVAlmICu5&itmprp=enc%3AAQAJAAAAwD7fdiUs7MfLru1XHCJ9sRpMi6n4tvq6Equ14ViE8d7KznS1Jk8LzGLBYZPgNBe04JZrGtx0kAQF592%2BnjxGpsE9pi%2FLhLryd4tDX5O7w1PKXQEq9jz66DEFbJFZm3LM7EFnQK3xTSGRHyV1qtI9qGx3WCOOfXVPf6wFw8KUgC5ox9xayqrgajUej0KcNNqfK1QJRZD5uM21vO18gk4aTDVSAm3frR6VpjS801wVLSgMiTcZdWbCjvYtjoknMcIvmg%3D%3D%7Ctkp%3ABk9SR8D58pL2Yw
2024-05-26T00:16:07.242881+0500 - INFO - Extracting time left...
2024-05-26T00:16:07.252947+0500 - INFO - Scraping listing: <Locator frame=<Frame name= url='https://www.ebay.com/sch/i.html?_from=R40&_trksid=p4432023.m570.l1313&_nkw=laptop&_sacat=0'> selector='li.s-item >> nth=10'>
2024-05-26T00:16:07.253215+0500 - INFO - Extracting laptop name...
2024-05-26T00:16:07.274257+0500 - INFO - Extracted laptop name: HP ProBook 650 G1 15,6 дюйма i7-4800MQ@2,7 ГГц, 8 ГБ RAM, Win 10 Pro с док-станцией
2024-05-26T00:16:07.274616+0500 - INFO - Extracting price...
2024-05-26T00:16:07.301513+0500 - INFO - Extracted price: US $65,00
2024-05-26T00:16:07.301877+0500 - INFO - Extracting shipping cost...
2024-05-26T00:16:07.330939+0500 - INFO - Extracted shipping cost: Доставка не указана
2024-05-26T00:16:07.331230+0500 - INFO - Extracted shipping cost: []
2024-05-26T00:16:07.331407+0500 - INFO - Extracting condition...
2024-05-26T00:16:07.352573+0500 - INFO - Extracted condition: Был в употреблении
2024-05-26T00:16:07.352880+0500 - INFO - Extracting url...
2024-05-26T00:16:07.376191+0500 - INFO - Extracted url: HP ProBook 650 G1 15,6 дюйма i7-4800MQ@2,7 ГГц, 8 ГБ RAM, Win 10 Pro с док-станциейОткрывается в новом окне или вкладке
2024-05-26T00:16:07.390420+0500 - INFO - Extracted url: https://www.ebay.com/itm/404994303996?itmmeta=01HYRJWQJB9BEHXG58DMKSXG4X&hash=item5e4b8aa7fc:g:OFYAAOSwGfVkkPeS&itmprp=enc%3AAQAJAAAAsP88aKd9fkMMJ1DswXUNST7Rqy%2B058u5s6c3VhsSOjio4qRoJBq7Kw2tSQwgtUzZ3UUHeW5mC%2F8kRpHhQdAxqVWndzWw3iOEH1thO%2F71RhItc%2BvVICTE7p5SEYD8mWvUZvg65slpfo63wfhcDghHbjIQBZb5AFGyCibYIS%2BsUTok4Y3%2BSJ6qdmq2SDxu9aS%2F5OQzc%2FTNvcCfsmD7n2GHpjVAvacPhj9G5W3hOsSfNkOH%7Ctkp%3ABk9SR8D58pL2Yw
2024-05-26T00:16:07.391119+0500 - INFO - Extracting time left...
2024-05-26T00:16:07.408657+0500 - INFO - Scraping listing: <Locator frame=<Frame name= url='https://www.ebay.com/sch/i.html?_from=R40&_trksid=p4432023.m570.l1313&_nkw=laptop&_sacat=0'> selector='li.s-item >> nth=11'>
2024-05-26T00:16:07.409335+0500 - INFO - Extracting laptop name...
2024-05-26T00:16:07.441252+0500 - INFO - Extracted laptop name: Ноутбук компьютер Lenovo ThinkPad 14 дюймов Intel Core i5 8 ГБ RAM 256 ГБ SSD Windows 10
2024-05-26T00:16:07.441619+0500 - INFO - Extracting price...
2024-05-26T00:16:07.467180+0500 - INFO - Extracted price: US $189,95
2024-05-26T00:16:07.468508+0500 - INFO - Extracting shipping cost...
2024-05-26T00:16:07.498096+0500 - INFO - Extracted shipping cost: + US $98,67 за доставку
2024-05-26T00:16:07.498656+0500 - INFO - Extracted shipping cost: ['98', '67']
2024-05-26T00:16:07.499197+0500 - INFO - Extracting condition...
2024-05-26T00:16:07.523728+0500 - INFO - Extracted condition: Восстановленные
2024-05-26T00:16:07.524198+0500 - INFO - Extracting url...
2024-05-26T00:16:07.548337+0500 - INFO - Extracted url: Ноутбук компьютер Lenovo ThinkPad 14 дюймов Intel Core i5 8 ГБ RAM 256 ГБ SSD Windows 10Открывается в новом окне или вкладке
2024-05-26T00:16:07.558731+0500 - INFO - Extracted url: https://www.ebay.com/itm/264900913087?itmmeta=01HYRJWQJB214HC2PZ0PQY00M6&hash=item3dad5327bf:g:sOgAAOSw3yhmSHeI&itmprp=enc%3AAQAJAAAAwN86SbyRcl9eEsLcXrxu1Yc49MGBtCFwsBPMSrQf0iIT%2B86L%2BwDCcn1YCwWSg7W0mUJ4tx9cHsYZLTJZ5Vo7kYOKFUzYfkpTt9SqKfjT5TGROStrDCsbfICUKlAA91j5O1kAju9ujXFC6QANPN0s3nLDeOEZjMJcCr88wkHFhjA9LSbfUcemw6TDZdwrceqUU62bBau8xPNYpIeO3qg9C3YsH3FeZhVAuZQJ%2BCxbNiMdZmawJ3Pk4S4OlXU24U9fFw%3D%3D%7Ctkp%3ABk9SR8D58pL2Yw
2024-05-26T00:16:07.558998+0500 - INFO - Extracting time left...
2024-05-26T00:16:07.570417+0500 - INFO - Scraping listing: <Locator frame=<Frame name= url='https://www.ebay.com/sch/i.html?_from=R40&_trksid=p4432023.m570.l1313&_nkw=laptop&_sacat=0'> selector='li.s-item >> nth=12'>
2024-05-26T00:16:07.570797+0500 - INFO - Extracting laptop name...
2024-05-26T00:16:07.600603+0500 - INFO - Extracted laptop name: Новое объявление14 «LG грамм ноутбука серый i7 core 40gb RAM 1 ТБ SSD серебро бот б/у
2024-05-26T00:16:07.600977+0500 - INFO - Extracting price...
2024-05-26T00:16:08.308512+0500 - ERROR - Error extracting price: Locator.is_visible: Error: strict mode violation: locator("li.s-item").nth(12).locator(".s-item__price") resolved to 2 elements:
    1) <span class="s-item__price">…</span> aka get_by_text("US $200,00").first
    2) <span class="s-item__price">…</span> aka get_by_text("US $800,00")

Call log:
  checking visibility of locator("li.s-item").nth(12).locator(".s-item__price")

2024-05-26T00:16:08.309382+0500 - ERROR - Traceback (most recent call last):
  File "/home/octrow/Dev/LaptopLoot/main.py", line 49, in extract_element
    if not await element.is_visible():
           ^^^^^^^^^^^^^^^^^^^^^^^^^^
  File "/home/octrow/Dev/LaptopLoot/venv/lib/python3.11/site-packages/playwright/async_api/_generated.py", line 16467, in is_visible
    return mapping.from_maybe_impl(await self._impl_obj.is_visible(timeout=timeout))
                                   ^^^^^^^^^^^^^^^^^^^^^^^^^^^^^^^^^^^^^^^^^^^^^^^^
  File "/home/octrow/Dev/LaptopLoot/venv/lib/python3.11/site-packages/playwright/_impl/_locator.py", line 500, in is_visible
    return await self._frame.is_visible(
           ^^^^^^^^^^^^^^^^^^^^^^^^^^^^^
  File "/home/octrow/Dev/LaptopLoot/venv/lib/python3.11/site-packages/playwright/_impl/_frame.py", line 354, in is_visible
    return await self._channel.send("isVisible", locals_to_params(locals()))
           ^^^^^^^^^^^^^^^^^^^^^^^^^^^^^^^^^^^^^^^^^^^^^^^^^^^^^^^^^^^^^^^^^
  File "/home/octrow/Dev/LaptopLoot/venv/lib/python3.11/site-packages/playwright/_impl/_connection.py", line 59, in send
    return await self._connection.wrap_api_call(
           ^^^^^^^^^^^^^^^^^^^^^^^^^^^^^^^^^^^^^
  File "/home/octrow/Dev/LaptopLoot/venv/lib/python3.11/site-packages/playwright/_impl/_connection.py", line 514, in wrap_api_call
    raise rewrite_error(error, f"{parsed_st['apiName']}: {error}") from None
playwright._impl._errors.Error: Locator.is_visible: Error: strict mode violation: locator("li.s-item").nth(12).locator(".s-item__price") resolved to 2 elements:
    1) <span class="s-item__price">…</span> aka get_by_text("US $200,00").first
    2) <span class="s-item__price">…</span> aka get_by_text("US $800,00")

Call log:
  checking visibility of locator("li.s-item").nth(12).locator(".s-item__price")


2024-05-26T00:16:08.717852+0500 - ERROR - Error: 'Locator' object has no attribute 'content'
